[0m17:25:58.931464 [debug] [MainThread]: Sending event: {'category': 'dbt', 'action': 'invocation', 'label': 'start', 'context': [<snowplow_tracker.self_describing_json.SelfDescribingJson object at 0x1025f23d0>, <snowplow_tracker.self_describing_json.SelfDescribingJson object at 0x10824af40>, <snowplow_tracker.self_describing_json.SelfDescribingJson object at 0x1082721c0>]}


============================== 17:25:58.933447 | 75a8fd65-231b-4ea7-b3f0-8c62b7332660 ==============================
[0m17:25:58.933447 [info ] [MainThread]: Running with dbt=1.5.11
[0m17:25:58.933713 [debug] [MainThread]: running dbt with arguments {'printer_width': '80', 'indirect_selection': 'eager', 'log_cache_events': 'False', 'write_json': 'True', 'partial_parse': 'True', 'cache_selected_only': 'False', 'warn_error': 'None', 'fail_fast': 'False', 'debug': 'False', 'log_path': '/Users/robertford/Repos/synthetic-healthlake/dbt/fhir_omop_dbt/logs', 'version_check': 'True', 'profiles_dir': '/Users/robertford/.dbt', 'use_colors': 'True', 'use_experimental_parser': 'False', 'no_print': 'None', 'quiet': 'False', 'log_format': 'default', 'static_parser': 'True', 'introspect': 'True', 'warn_error_options': 'WarnErrorOptions(include=[], exclude=[])', 'target_path': 'None', 'send_anonymous_usage_stats': 'True'}
[0m17:25:58.936063 [error] [MainThread]: Encountered an error:
Runtime Error
  Could not find profile named 'fhir_omop'
[0m17:25:58.936400 [debug] [MainThread]: Command `dbt compile` failed at 17:25:58.936348 after 0.02 seconds
[0m17:25:58.936538 [debug] [MainThread]: Sending event: {'category': 'dbt', 'action': 'invocation', 'label': 'end', 'context': [<snowplow_tracker.self_describing_json.SelfDescribingJson object at 0x1025f23d0>, <snowplow_tracker.self_describing_json.SelfDescribingJson object at 0x1082c2f70>, <snowplow_tracker.self_describing_json.SelfDescribingJson object at 0x1082c2730>]}
[0m17:25:58.936673 [debug] [MainThread]: Flushing usage events
[0m17:26:38.909833 [debug] [MainThread]: Sending event: {'category': 'dbt', 'action': 'invocation', 'label': 'start', 'context': [<snowplow_tracker.self_describing_json.SelfDescribingJson object at 0x107561c70>, <snowplow_tracker.self_describing_json.SelfDescribingJson object at 0x108a0fd90>, <snowplow_tracker.self_describing_json.SelfDescribingJson object at 0x1089fdf70>]}


============================== 17:26:38.911826 | 3d1073ab-5ed7-4a77-b922-157bc9ea869d ==============================
[0m17:26:38.911826 [info ] [MainThread]: Running with dbt=1.5.11
[0m17:26:38.912122 [debug] [MainThread]: running dbt with arguments {'printer_width': '80', 'indirect_selection': 'eager', 'write_json': 'True', 'log_cache_events': 'False', 'partial_parse': 'True', 'cache_selected_only': 'False', 'profiles_dir': '.', 'debug': 'False', 'fail_fast': 'False', 'log_path': '/Users/robertford/Repos/synthetic-healthlake/dbt/fhir_omop_dbt/logs', 'version_check': 'True', 'warn_error': 'None', 'use_colors': 'True', 'use_experimental_parser': 'False', 'no_print': 'None', 'quiet': 'False', 'warn_error_options': 'WarnErrorOptions(include=[], exclude=[])', 'introspect': 'True', 'static_parser': 'True', 'log_format': 'default', 'target_path': 'None', 'send_anonymous_usage_stats': 'True'}
[0m17:26:38.914753 [info ] [MainThread]: Error importing adapter: No module named 'dbt.adapters.duckdb'
[0m17:26:38.915017 [error] [MainThread]: Encountered an error:
Runtime Error
  Credentials in profile "fhir_omop", target "dev" invalid: Runtime Error
    Could not find adapter type duckdb!
[0m17:26:38.915316 [debug] [MainThread]: Command `dbt compile` failed at 17:26:38.915264 after 0.02 seconds
[0m17:26:38.915490 [debug] [MainThread]: Sending event: {'category': 'dbt', 'action': 'invocation', 'label': 'end', 'context': [<snowplow_tracker.self_describing_json.SelfDescribingJson object at 0x107561c70>, <snowplow_tracker.self_describing_json.SelfDescribingJson object at 0x108a0f6d0>, <snowplow_tracker.self_describing_json.SelfDescribingJson object at 0x108a375e0>]}
[0m17:26:38.915618 [debug] [MainThread]: Flushing usage events
[0m17:26:58.045731 [debug] [MainThread]: Sending event: {'category': 'dbt', 'action': 'invocation', 'label': 'start', 'context': [<snowplow_tracker.self_describing_json.SelfDescribingJson object at 0x1071ea050>, <snowplow_tracker.self_describing_json.SelfDescribingJson object at 0x107251f10>, <snowplow_tracker.self_describing_json.SelfDescribingJson object at 0x107252b10>]}


============================== 17:26:58.060403 | b1126cd2-670f-4341-86b0-d841a95b3d52 ==============================
[0m17:26:58.060403 [info ] [MainThread]: Running with dbt=1.10.15
[0m17:26:58.060668 [debug] [MainThread]: running dbt with arguments {'warn_error_options': 'WarnErrorOptionsV2(error=[], warn=[], silence=[])', 'send_anonymous_usage_stats': 'True', 'target_path': 'None', 'write_json': 'True', 'quiet': 'False', 'warn_error': 'None', 'empty': 'False', 'version_check': 'True', 'printer_width': '80', 'fail_fast': 'False', 'debug': 'False', 'use_colors': 'True', 'invocation_command': 'dbt compile --profiles-dir .', 'introspect': 'True', 'profiles_dir': '.', 'log_format': 'default', 'no_print': 'None', 'indirect_selection': 'eager', 'use_experimental_parser': 'False', 'log_path': '/Users/robertford/Repos/synthetic-healthlake/dbt/fhir_omop_dbt/logs', 'log_cache_events': 'False', 'cache_selected_only': 'False', 'partial_parse': 'True', 'static_parser': 'True'}
[0m17:26:58.520971 [debug] [MainThread]: Sending event: {'category': 'dbt', 'action': 'project_id', 'label': 'b1126cd2-670f-4341-86b0-d841a95b3d52', 'context': [<snowplow_tracker.self_describing_json.SelfDescribingJson object at 0x10720e5d0>]}
[0m17:26:58.539012 [debug] [MainThread]: Sending event: {'category': 'dbt', 'action': 'adapter_info', 'label': 'b1126cd2-670f-4341-86b0-d841a95b3d52', 'context': [<snowplow_tracker.self_describing_json.SelfDescribingJson object at 0x10492e710>]}
[0m17:26:58.540318 [info ] [MainThread]: Registered adapter: duckdb=1.10.0
[0m17:26:58.576505 [debug] [MainThread]: checksum: 14a228079bd6df63ba81633f9a3cf44ecfaa31056ac397c602753ec895dbf885, vars: {}, profile: , target: , version: 1.10.15
[0m17:26:58.576847 [info ] [MainThread]: Unable to do partial parsing because saved manifest not found. Starting full parse.
[0m17:26:58.577020 [debug] [MainThread]: Sending event: {'category': 'dbt', 'action': 'partial_parser', 'label': 'b1126cd2-670f-4341-86b0-d841a95b3d52', 'context': [<snowplow_tracker.self_describing_json.SelfDescribingJson object at 0x1072c8bd0>]}
[0m17:26:58.591532 [error] [MainThread]: Encountered an error:
Compilation Error
  dbt found two macros named "lineage_standard_columns" in the project
  "fhir_omop_dbt".
   To fix this error, rename or remove one of the following macros:
      - macros/lineage.sql
      - macros/provenance.sql
[0m17:26:58.591856 [debug] [MainThread]: Resource report: {"command_name": "compile", "command_success": false, "command_wall_clock_time": 0.57478505, "process_in_blocks": "0", "process_kernel_time": 0.285045, "process_mem_max_rss": "157450240", "process_out_blocks": "0", "process_user_time": 1.10576}
[0m17:26:58.592067 [debug] [MainThread]: Command `dbt compile` failed at 17:26:58.592030 after 0.58 seconds
[0m17:26:58.592223 [debug] [MainThread]: Sending event: {'category': 'dbt', 'action': 'invocation', 'label': 'end', 'context': [<snowplow_tracker.self_describing_json.SelfDescribingJson object at 0x107252510>, <snowplow_tracker.self_describing_json.SelfDescribingJson object at 0x107438f90>, <snowplow_tracker.self_describing_json.SelfDescribingJson object at 0x1071d3590>]}
[0m17:26:58.592356 [debug] [MainThread]: Flushing usage events
[0m17:26:58.890037 [debug] [MainThread]: An error was encountered while trying to flush usage events
[0m17:28:18.849321 [debug] [MainThread]: Sending event: {'category': 'dbt', 'action': 'invocation', 'label': 'start', 'context': [<snowplow_tracker.self_describing_json.SelfDescribingJson object at 0x1168a12d0>, <snowplow_tracker.self_describing_json.SelfDescribingJson object at 0x1168aed90>, <snowplow_tracker.self_describing_json.SelfDescribingJson object at 0x116906310>]}


============================== 17:28:18.851699 | 43c284f9-bbda-49c3-998c-192ae0c0d821 ==============================
[0m17:28:18.851699 [info ] [MainThread]: Running with dbt=1.10.15
[0m17:28:18.852000 [debug] [MainThread]: running dbt with arguments {'indirect_selection': 'eager', 'use_experimental_parser': 'False', 'warn_error_options': 'WarnErrorOptionsV2(error=[], warn=[], silence=[])', 'invocation_command': 'dbt compile --profiles-dir .', 'log_cache_events': 'False', 'fail_fast': 'False', 'cache_selected_only': 'False', 'write_json': 'True', 'warn_error': 'None', 'partial_parse': 'True', 'empty': 'False', 'use_colors': 'True', 'debug': 'False', 'quiet': 'False', 'static_parser': 'True', 'profiles_dir': '.', 'target_path': 'None', 'introspect': 'True', 'log_format': 'default', 'printer_width': '80', 'version_check': 'True', 'no_print': 'None', 'send_anonymous_usage_stats': 'True', 'log_path': '/Users/robertford/Repos/synthetic-healthlake/dbt/fhir_omop_dbt/logs'}
[0m17:28:18.961100 [debug] [MainThread]: Sending event: {'category': 'dbt', 'action': 'project_id', 'label': '43c284f9-bbda-49c3-998c-192ae0c0d821', 'context': [<snowplow_tracker.self_describing_json.SelfDescribingJson object at 0x116bc4450>]}
[0m17:28:18.979566 [debug] [MainThread]: Sending event: {'category': 'dbt', 'action': 'adapter_info', 'label': '43c284f9-bbda-49c3-998c-192ae0c0d821', 'context': [<snowplow_tracker.self_describing_json.SelfDescribingJson object at 0x110bb8090>]}
[0m17:28:18.980835 [info ] [MainThread]: Registered adapter: duckdb=1.10.0
[0m17:28:19.023869 [debug] [MainThread]: checksum: 14a228079bd6df63ba81633f9a3cf44ecfaa31056ac397c602753ec895dbf885, vars: {}, profile: , target: , version: 1.10.15
[0m17:28:19.024236 [info ] [MainThread]: Unable to do partial parsing because saved manifest not found. Starting full parse.
[0m17:28:19.024408 [debug] [MainThread]: Sending event: {'category': 'dbt', 'action': 'partial_parser', 'label': '43c284f9-bbda-49c3-998c-192ae0c0d821', 'context': [<snowplow_tracker.self_describing_json.SelfDescribingJson object at 0x116de3290>]}
[0m17:28:19.395045 [error] [MainThread]: Encountered an error:
Parsing Error
  Invalid metrics config given in FilePath(searched_path='models', relative_path='metrics/metrics_chronic_condition.yml', modification_time=1764746272.0, project_root='/Users/robertford/Repos/synthetic-healthlake/dbt/fhir_omop_dbt') @ metrics: {'name': 'patient_count', 'type': 'simple', 'type_params': {'measure': 'patient_count'}, 'semantic_model': 'dim_patient_semantic'} - at path []: Additional properties are not allowed ('semantic_model' was unexpected)
[0m17:28:19.395426 [debug] [MainThread]: Resource report: {"command_name": "compile", "command_success": false, "command_wall_clock_time": 0.57137877, "process_in_blocks": "0", "process_kernel_time": 0.137301, "process_mem_max_rss": "140492800", "process_out_blocks": "0", "process_user_time": 0.88603}
[0m17:28:19.395605 [debug] [MainThread]: Command `dbt compile` failed at 17:28:19.395574 after 0.57 seconds
[0m17:28:19.395749 [debug] [MainThread]: Sending event: {'category': 'dbt', 'action': 'invocation', 'label': 'end', 'context': [<snowplow_tracker.self_describing_json.SelfDescribingJson object at 0x11688ff50>, <snowplow_tracker.self_describing_json.SelfDescribingJson object at 0x1168a1d50>, <snowplow_tracker.self_describing_json.SelfDescribingJson object at 0x11634b990>]}
[0m17:28:19.395883 [debug] [MainThread]: Flushing usage events
[0m17:28:19.801597 [debug] [MainThread]: An error was encountered while trying to flush usage events
[0m17:28:41.910437 [debug] [MainThread]: Sending event: {'category': 'dbt', 'action': 'invocation', 'label': 'start', 'context': [<snowplow_tracker.self_describing_json.SelfDescribingJson object at 0x10839b910>, <snowplow_tracker.self_describing_json.SelfDescribingJson object at 0x1084169d0>, <snowplow_tracker.self_describing_json.SelfDescribingJson object at 0x108417f90>]}


============================== 17:28:41.912279 | f9f470b3-1cf4-4b20-b6fc-72b2ecd396f1 ==============================
[0m17:28:41.912279 [info ] [MainThread]: Running with dbt=1.10.15
[0m17:28:41.912572 [debug] [MainThread]: running dbt with arguments {'fail_fast': 'False', 'empty': 'False', 'profiles_dir': '.', 'send_anonymous_usage_stats': 'True', 'target_path': 'None', 'introspect': 'True', 'warn_error_options': 'WarnErrorOptionsV2(error=[], warn=[], silence=[])', 'warn_error': 'None', 'debug': 'False', 'partial_parse': 'True', 'cache_selected_only': 'False', 'printer_width': '80', 'indirect_selection': 'eager', 'log_path': '/Users/robertford/Repos/synthetic-healthlake/dbt/fhir_omop_dbt/logs', 'write_json': 'True', 'use_colors': 'True', 'no_print': 'None', 'version_check': 'True', 'log_format': 'default', 'static_parser': 'True', 'log_cache_events': 'False', 'quiet': 'False', 'invocation_command': 'dbt compile --profiles-dir .', 'use_experimental_parser': 'False'}
[0m17:28:41.981102 [debug] [MainThread]: Sending event: {'category': 'dbt', 'action': 'project_id', 'label': 'f9f470b3-1cf4-4b20-b6fc-72b2ecd396f1', 'context': [<snowplow_tracker.self_describing_json.SelfDescribingJson object at 0x1083a9990>]}
[0m17:28:41.999063 [debug] [MainThread]: Sending event: {'category': 'dbt', 'action': 'adapter_info', 'label': 'f9f470b3-1cf4-4b20-b6fc-72b2ecd396f1', 'context': [<snowplow_tracker.self_describing_json.SelfDescribingJson object at 0x104ad8150>]}
[0m17:28:41.999862 [info ] [MainThread]: Registered adapter: duckdb=1.10.0
[0m17:28:42.036651 [debug] [MainThread]: checksum: 14a228079bd6df63ba81633f9a3cf44ecfaa31056ac397c602753ec895dbf885, vars: {}, profile: , target: , version: 1.10.15
[0m17:28:42.037026 [info ] [MainThread]: Unable to do partial parsing because saved manifest not found. Starting full parse.
[0m17:28:42.037196 [debug] [MainThread]: Sending event: {'category': 'dbt', 'action': 'partial_parser', 'label': 'f9f470b3-1cf4-4b20-b6fc-72b2ecd396f1', 'context': [<snowplow_tracker.self_describing_json.SelfDescribingJson object at 0x108ce27d0>]}
[0m17:28:42.398188 [error] [MainThread]: Encountered an error:
Parsing Error
  Invalid metrics config given in FilePath(searched_path='models', relative_path='metrics/metrics_chronic_condition.yml', modification_time=1764725319.381194, project_root='/Users/robertford/Repos/synthetic-healthlake/dbt/fhir_omop_dbt') @ metrics: {'name': 'patient_count', 'type': 'simple', 'type_params': {'measure': 'patient_count'}} - at path []: 'label' is a required property
[0m17:28:42.398569 [debug] [MainThread]: Resource report: {"command_name": "compile", "command_success": false, "command_wall_clock_time": 0.51328313, "process_in_blocks": "0", "process_kernel_time": 0.111533, "process_mem_max_rss": "139919360", "process_out_blocks": "0", "process_user_time": 0.862749}
[0m17:28:42.398748 [debug] [MainThread]: Command `dbt compile` failed at 17:28:42.398715 after 0.51 seconds
[0m17:28:42.398892 [debug] [MainThread]: Sending event: {'category': 'dbt', 'action': 'invocation', 'label': 'end', 'context': [<snowplow_tracker.self_describing_json.SelfDescribingJson object at 0x1084eda90>, <snowplow_tracker.self_describing_json.SelfDescribingJson object at 0x10838fbd0>, <snowplow_tracker.self_describing_json.SelfDescribingJson object at 0x10838fb50>]}
[0m17:28:42.399033 [debug] [MainThread]: Flushing usage events
[0m17:28:42.685044 [debug] [MainThread]: An error was encountered while trying to flush usage events
[0m17:28:55.962844 [debug] [MainThread]: Sending event: {'category': 'dbt', 'action': 'invocation', 'label': 'start', 'context': [<snowplow_tracker.self_describing_json.SelfDescribingJson object at 0x110da1550>, <snowplow_tracker.self_describing_json.SelfDescribingJson object at 0x110e13ad0>, <snowplow_tracker.self_describing_json.SelfDescribingJson object at 0x110e13f90>]}


============================== 17:28:55.964795 | 2149aee0-94cd-443c-b316-89481c2d4050 ==============================
[0m17:28:55.964795 [info ] [MainThread]: Running with dbt=1.10.15
[0m17:28:55.965064 [debug] [MainThread]: running dbt with arguments {'version_check': 'True', 'quiet': 'False', 'fail_fast': 'False', 'indirect_selection': 'eager', 'profiles_dir': '.', 'write_json': 'True', 'introspect': 'True', 'use_colors': 'True', 'use_experimental_parser': 'False', 'empty': 'False', 'log_path': '/Users/robertford/Repos/synthetic-healthlake/dbt/fhir_omop_dbt/logs', 'cache_selected_only': 'False', 'send_anonymous_usage_stats': 'True', 'log_cache_events': 'False', 'warn_error_options': 'WarnErrorOptionsV2(error=[], warn=[], silence=[])', 'partial_parse': 'True', 'warn_error': 'None', 'debug': 'False', 'target_path': 'None', 'static_parser': 'True', 'invocation_command': 'dbt compile --profiles-dir .', 'log_format': 'default', 'no_print': 'None', 'printer_width': '80'}
[0m17:28:56.034290 [debug] [MainThread]: Sending event: {'category': 'dbt', 'action': 'project_id', 'label': '2149aee0-94cd-443c-b316-89481c2d4050', 'context': [<snowplow_tracker.self_describing_json.SelfDescribingJson object at 0x110e42d10>]}
[0m17:28:56.052354 [debug] [MainThread]: Sending event: {'category': 'dbt', 'action': 'adapter_info', 'label': '2149aee0-94cd-443c-b316-89481c2d4050', 'context': [<snowplow_tracker.self_describing_json.SelfDescribingJson object at 0x10311bd90>]}
[0m17:28:56.053249 [info ] [MainThread]: Registered adapter: duckdb=1.10.0
[0m17:28:56.091815 [debug] [MainThread]: checksum: 14a228079bd6df63ba81633f9a3cf44ecfaa31056ac397c602753ec895dbf885, vars: {}, profile: , target: , version: 1.10.15
[0m17:28:56.092164 [info ] [MainThread]: Unable to do partial parsing because saved manifest not found. Starting full parse.
[0m17:28:56.092342 [debug] [MainThread]: Sending event: {'category': 'dbt', 'action': 'partial_parser', 'label': '2149aee0-94cd-443c-b316-89481c2d4050', 'context': [<snowplow_tracker.self_describing_json.SelfDescribingJson object at 0x110e5b310>]}
[0m17:28:56.591653 [error] [MainThread]: Encountered an error:
Parsing Error
  The semantic layer requires a time spine model with granularity DAY or smaller in the project, but none was found. Guidance on creating this model can be found on our docs site (https://docs.getdbt.com/docs/build/metricflow-time-spine).
[0m17:28:56.592019 [debug] [MainThread]: Resource report: {"command_name": "compile", "command_success": false, "command_wall_clock_time": 0.6571812, "process_in_blocks": "0", "process_kernel_time": 0.116497, "process_mem_max_rss": "145031168", "process_out_blocks": "0", "process_user_time": 0.99412}
[0m17:28:56.592194 [debug] [MainThread]: Command `dbt compile` failed at 17:28:56.592162 after 0.66 seconds
[0m17:28:56.592354 [debug] [MainThread]: Sending event: {'category': 'dbt', 'action': 'invocation', 'label': 'end', 'context': [<snowplow_tracker.self_describing_json.SelfDescribingJson object at 0x110dae2d0>, <snowplow_tracker.self_describing_json.SelfDescribingJson object at 0x110df3ed0>, <snowplow_tracker.self_describing_json.SelfDescribingJson object at 0x110e135d0>]}
[0m17:28:56.592492 [debug] [MainThread]: Flushing usage events
[0m17:28:56.879617 [debug] [MainThread]: An error was encountered while trying to flush usage events
[0m17:29:15.197912 [debug] [MainThread]: Sending event: {'category': 'dbt', 'action': 'invocation', 'label': 'start', 'context': [<snowplow_tracker.self_describing_json.SelfDescribingJson object at 0x107fa12d0>, <snowplow_tracker.self_describing_json.SelfDescribingJson object at 0x107fae4d0>, <snowplow_tracker.self_describing_json.SelfDescribingJson object at 0x107fa0c10>]}


============================== 17:29:15.200795 | 2ad241aa-9dd5-46a1-b6c5-c9db019dcbea ==============================
[0m17:29:15.200795 [info ] [MainThread]: Running with dbt=1.10.15
[0m17:29:15.201101 [debug] [MainThread]: running dbt with arguments {'cache_selected_only': 'False', 'log_cache_events': 'False', 'static_parser': 'True', 'send_anonymous_usage_stats': 'True', 'version_check': 'True', 'log_format': 'default', 'partial_parse': 'True', 'warn_error_options': 'WarnErrorOptionsV2(error=[], warn=[], silence=[])', 'debug': 'False', 'write_json': 'True', 'warn_error': 'None', 'use_colors': 'True', 'no_print': 'None', 'profiles_dir': '.', 'indirect_selection': 'eager', 'quiet': 'False', 'use_experimental_parser': 'False', 'introspect': 'True', 'invocation_command': 'dbt compile --profiles-dir .', 'empty': 'False', 'fail_fast': 'False', 'printer_width': '80', 'target_path': 'None', 'log_path': '/Users/robertford/Repos/synthetic-healthlake/dbt/fhir_omop_dbt/logs'}
[0m17:29:15.327589 [debug] [MainThread]: Sending event: {'category': 'dbt', 'action': 'project_id', 'label': '2ad241aa-9dd5-46a1-b6c5-c9db019dcbea', 'context': [<snowplow_tracker.self_describing_json.SelfDescribingJson object at 0x111525b90>]}
[0m17:29:15.345635 [debug] [MainThread]: Sending event: {'category': 'dbt', 'action': 'adapter_info', 'label': '2ad241aa-9dd5-46a1-b6c5-c9db019dcbea', 'context': [<snowplow_tracker.self_describing_json.SelfDescribingJson object at 0x101cc1810>]}
[0m17:29:15.346813 [info ] [MainThread]: Registered adapter: duckdb=1.10.0
[0m17:29:15.386622 [debug] [MainThread]: checksum: 14a228079bd6df63ba81633f9a3cf44ecfaa31056ac397c602753ec895dbf885, vars: {}, profile: , target: , version: 1.10.15
[0m17:29:15.386963 [info ] [MainThread]: Unable to do partial parsing because saved manifest not found. Starting full parse.
[0m17:29:15.387135 [debug] [MainThread]: Sending event: {'category': 'dbt', 'action': 'partial_parser', 'label': '2ad241aa-9dd5-46a1-b6c5-c9db019dcbea', 'context': [<snowplow_tracker.self_describing_json.SelfDescribingJson object at 0x1115276d0>]}
[0m17:29:15.872805 [warn ] [MainThread]: [[33mWARNING[0m]: Time spines without YAML configuration are in the process of
deprecation. Please add YAML configuration for your 'metricflow_time_spine'
model. See documentation on MetricFlow time spines:
https://docs.getdbt.com/docs/build/metricflow-time-spine and behavior change
documentation:
https://docs.getdbt.com/reference/global-configs/behavior-changes.
[0m17:29:15.873086 [debug] [MainThread]: Sending event: {'category': 'dbt', 'action': 'deprecation', 'label': '2ad241aa-9dd5-46a1-b6c5-c9db019dcbea', 'property_': 'warn', 'context': [<snowplow_tracker.self_describing_json.SelfDescribingJson object at 0x112f44690>]}
[0m17:29:15.873249 [error] [MainThread]: An error occurred while checking aggregation time dimension for a semantic model - AssertionError: Aggregation time dimension for measure patient_count is not set! This should either be set directly on the measure specification in the model, or else defaulted to the primary time dimension in the data source containing the measure.

[0m17:29:15.873393 [error] [MainThread]: An error occurred while checking aggregation time dimension for a semantic model - AssertionError: Aggregation time dimension for measure chronic_condition_patient_count is not set! This should either be set directly on the measure specification in the model, or else defaulted to the primary time dimension in the data source containing the measure.

[0m17:29:15.873513 [error] [MainThread]: The semantic model `dim_patient_semantic` has an entity named `patient` with type primary but it also has the `primary_entity` field set to `patient`. Both should not be present in the model.
[0m17:29:15.873630 [error] [MainThread]: The semantic model `fact_chronic_condition_semantic` has an entity named `patient_condition` with type primary but it also has the `primary_entity` field set to `patient_condition`. Both should not be present in the model.
[0m17:29:15.873782 [error] [MainThread]: Encountered an error:
Parsing Error
  Semantic Manifest validation failed.
[0m17:29:15.873953 [warn ] [MainThread]: [[33mWARNING[0m][DeprecationsSummary]: Deprecated functionality
Summary of encountered deprecations:
- MFTimespineWithoutYamlConfigurationDeprecation: 1 occurrence
To see all deprecation instances instead of just the first occurrence of each,
run command again with the `--show-all-deprecations` flag. You may also need to
run with `--no-partial-parse` as some deprecations are only encountered during
parsing.
[0m17:29:15.874187 [debug] [MainThread]: Resource report: {"command_name": "compile", "command_success": false, "command_wall_clock_time": 0.7122152, "process_in_blocks": "0", "process_kernel_time": 0.129916, "process_mem_max_rss": "143769600", "process_out_blocks": "0", "process_user_time": 1.003638}
[0m17:29:15.874353 [debug] [MainThread]: Command `dbt compile` failed at 17:29:15.874324 after 0.71 seconds
[0m17:29:15.874490 [debug] [MainThread]: Sending event: {'category': 'dbt', 'action': 'invocation', 'label': 'end', 'context': [<snowplow_tracker.self_describing_json.SelfDescribingJson object at 0x107facc50>, <snowplow_tracker.self_describing_json.SelfDescribingJson object at 0x113908890>, <snowplow_tracker.self_describing_json.SelfDescribingJson object at 0x11391e410>]}
[0m17:29:15.874607 [debug] [MainThread]: Flushing usage events
[0m17:29:16.175249 [debug] [MainThread]: An error was encountered while trying to flush usage events
[0m17:29:36.690052 [debug] [MainThread]: Sending event: {'category': 'dbt', 'action': 'invocation', 'label': 'start', 'context': [<snowplow_tracker.self_describing_json.SelfDescribingJson object at 0x1110a1c50>, <snowplow_tracker.self_describing_json.SelfDescribingJson object at 0x1110f7ed0>, <snowplow_tracker.self_describing_json.SelfDescribingJson object at 0x11110fd50>]}


============================== 17:29:36.691879 | 283472b1-623d-4df5-97f6-3f6b235362a5 ==============================
[0m17:29:36.691879 [info ] [MainThread]: Running with dbt=1.10.15
[0m17:29:36.692152 [debug] [MainThread]: running dbt with arguments {'fail_fast': 'False', 'invocation_command': 'dbt compile --profiles-dir .', 'partial_parse': 'True', 'introspect': 'True', 'target_path': 'None', 'no_print': 'None', 'printer_width': '80', 'log_path': '/Users/robertford/Repos/synthetic-healthlake/dbt/fhir_omop_dbt/logs', 'profiles_dir': '.', 'empty': 'False', 'warn_error': 'None', 'write_json': 'True', 'use_colors': 'True', 'log_cache_events': 'False', 'debug': 'False', 'indirect_selection': 'eager', 'version_check': 'True', 'use_experimental_parser': 'False', 'log_format': 'default', 'warn_error_options': 'WarnErrorOptionsV2(error=[], warn=[], silence=[])', 'static_parser': 'True', 'quiet': 'False', 'cache_selected_only': 'False', 'send_anonymous_usage_stats': 'True'}
[0m17:29:36.761573 [debug] [MainThread]: Sending event: {'category': 'dbt', 'action': 'project_id', 'label': '283472b1-623d-4df5-97f6-3f6b235362a5', 'context': [<snowplow_tracker.self_describing_json.SelfDescribingJson object at 0x111159550>]}
[0m17:29:36.779167 [debug] [MainThread]: Sending event: {'category': 'dbt', 'action': 'adapter_info', 'label': '283472b1-623d-4df5-97f6-3f6b235362a5', 'context': [<snowplow_tracker.self_describing_json.SelfDescribingJson object at 0x1044b9050>]}
[0m17:29:36.780045 [info ] [MainThread]: Registered adapter: duckdb=1.10.0
[0m17:29:36.817989 [debug] [MainThread]: checksum: 14a228079bd6df63ba81633f9a3cf44ecfaa31056ac397c602753ec895dbf885, vars: {}, profile: , target: , version: 1.10.15
[0m17:29:36.818631 [info ] [MainThread]: Unable to do partial parsing because saved manifest not found. Starting full parse.
[0m17:29:36.818854 [debug] [MainThread]: Sending event: {'category': 'dbt', 'action': 'partial_parser', 'label': '283472b1-623d-4df5-97f6-3f6b235362a5', 'context': [<snowplow_tracker.self_describing_json.SelfDescribingJson object at 0x1111832d0>]}
[0m17:29:37.307819 [warn ] [MainThread]: [[33mWARNING[0m]: Time spines without YAML configuration are in the process of
deprecation. Please add YAML configuration for your 'metricflow_time_spine'
model. See documentation on MetricFlow time spines:
https://docs.getdbt.com/docs/build/metricflow-time-spine and behavior change
documentation:
https://docs.getdbt.com/reference/global-configs/behavior-changes.
[0m17:29:37.308099 [debug] [MainThread]: Sending event: {'category': 'dbt', 'action': 'deprecation', 'label': '283472b1-623d-4df5-97f6-3f6b235362a5', 'property_': 'warn', 'context': [<snowplow_tracker.self_describing_json.SelfDescribingJson object at 0x1119ca550>]}
[0m17:29:37.308255 [error] [MainThread]: An error occurred while checking aggregation time dimension for a semantic model - AssertionError: Aggregation time dimension for measure patient_count is not set! This should either be set directly on the measure specification in the model, or else defaulted to the primary time dimension in the data source containing the measure.

[0m17:29:37.308417 [error] [MainThread]: An error occurred while checking aggregation time dimension for a semantic model - AssertionError: Aggregation time dimension for measure chronic_condition_patient_count is not set! This should either be set directly on the measure specification in the model, or else defaulted to the primary time dimension in the data source containing the measure.

[0m17:29:37.308624 [error] [MainThread]: Encountered an error:
Parsing Error
  Semantic Manifest validation failed.
[0m17:29:37.308806 [warn ] [MainThread]: [[33mWARNING[0m][DeprecationsSummary]: Deprecated functionality
Summary of encountered deprecations:
- MFTimespineWithoutYamlConfigurationDeprecation: 1 occurrence
To see all deprecation instances instead of just the first occurrence of each,
run command again with the `--show-all-deprecations` flag. You may also need to
run with `--no-partial-parse` as some deprecations are only encountered during
parsing.
[0m17:29:37.309040 [debug] [MainThread]: Resource report: {"command_name": "compile", "command_success": false, "command_wall_clock_time": 0.64684176, "process_in_blocks": "0", "process_kernel_time": 0.117056, "process_mem_max_rss": "147128320", "process_out_blocks": "0", "process_user_time": 1.008395}
[0m17:29:37.309197 [debug] [MainThread]: Command `dbt compile` failed at 17:29:37.309169 after 0.65 seconds
[0m17:29:37.309330 [debug] [MainThread]: Sending event: {'category': 'dbt', 'action': 'invocation', 'label': 'end', 'context': [<snowplow_tracker.self_describing_json.SelfDescribingJson object at 0x111de8890>, <snowplow_tracker.self_describing_json.SelfDescribingJson object at 0x11110fb50>, <snowplow_tracker.self_describing_json.SelfDescribingJson object at 0x11110fed0>]}
[0m17:29:37.309454 [debug] [MainThread]: Flushing usage events
[0m17:29:37.639285 [debug] [MainThread]: An error was encountered while trying to flush usage events
[0m17:29:57.843433 [debug] [MainThread]: Sending event: {'category': 'dbt', 'action': 'invocation', 'label': 'start', 'context': [<snowplow_tracker.self_describing_json.SelfDescribingJson object at 0x1136a2150>, <snowplow_tracker.self_describing_json.SelfDescribingJson object at 0x1136ffed0>, <snowplow_tracker.self_describing_json.SelfDescribingJson object at 0x1136ffe90>]}


============================== 17:29:57.848623 | 549f08c1-1f4a-4499-bc94-1cdd3335db67 ==============================
[0m17:29:57.848623 [info ] [MainThread]: Running with dbt=1.10.15
[0m17:29:57.849344 [debug] [MainThread]: running dbt with arguments {'write_json': 'True', 'debug': 'False', 'introspect': 'True', 'fail_fast': 'False', 'warn_error': 'None', 'use_colors': 'True', 'version_check': 'True', 'log_cache_events': 'False', 'static_parser': 'True', 'indirect_selection': 'eager', 'profiles_dir': '.', 'empty': 'False', 'warn_error_options': 'WarnErrorOptionsV2(error=[], warn=[], silence=[])', 'log_format': 'default', 'invocation_command': 'dbt compile --profiles-dir .', 'log_path': '/Users/robertford/Repos/synthetic-healthlake/dbt/fhir_omop_dbt/logs', 'partial_parse': 'True', 'use_experimental_parser': 'False', 'quiet': 'False', 'printer_width': '80', 'no_print': 'None', 'cache_selected_only': 'False', 'target_path': 'None', 'send_anonymous_usage_stats': 'True'}
[0m17:29:57.939396 [debug] [MainThread]: Sending event: {'category': 'dbt', 'action': 'project_id', 'label': '549f08c1-1f4a-4499-bc94-1cdd3335db67', 'context': [<snowplow_tracker.self_describing_json.SelfDescribingJson object at 0x113e1ffd0>]}
[0m17:29:57.957511 [debug] [MainThread]: Sending event: {'category': 'dbt', 'action': 'adapter_info', 'label': '549f08c1-1f4a-4499-bc94-1cdd3335db67', 'context': [<snowplow_tracker.self_describing_json.SelfDescribingJson object at 0x113d1b550>]}
[0m17:29:57.958316 [info ] [MainThread]: Registered adapter: duckdb=1.10.0
[0m17:29:57.995049 [debug] [MainThread]: checksum: 14a228079bd6df63ba81633f9a3cf44ecfaa31056ac397c602753ec895dbf885, vars: {}, profile: , target: , version: 1.10.15
[0m17:29:57.995420 [info ] [MainThread]: Unable to do partial parsing because saved manifest not found. Starting full parse.
[0m17:29:57.995600 [debug] [MainThread]: Sending event: {'category': 'dbt', 'action': 'partial_parser', 'label': '549f08c1-1f4a-4499-bc94-1cdd3335db67', 'context': [<snowplow_tracker.self_describing_json.SelfDescribingJson object at 0x113ec1a90>]}
[0m17:29:57.997401 [error] [MainThread]: Encountered an error:
Parsing Error
  Error reading fhir_omop_dbt: metrics/metrics_chronic_condition.yml - Runtime Error
    Syntax error near line 48
    ------------------------------
    45 |     dimensions:
    46 |         type: categorical
    47 |         expr: chronic_condition_code
    48 |       - name: first_diagnosis_date
    49 |         type: time
    50 |         expr: first_diagnosis_date
    51 |         type_params:
    
    Raw Error:
    ------------------------------
    while parsing a block mapping
      in "<unicode string>", line 26, column 5
    did not find expected key
      in "<unicode string>", line 48, column 7
[0m17:29:57.997749 [debug] [MainThread]: Resource report: {"command_name": "compile", "command_success": false, "command_wall_clock_time": 0.18464704, "process_in_blocks": "0", "process_kernel_time": 0.107206, "process_mem_max_rss": "131072000", "process_out_blocks": "0", "process_user_time": 0.539791}
[0m17:29:57.997932 [debug] [MainThread]: Command `dbt compile` failed at 17:29:57.997899 after 0.18 seconds
[0m17:29:57.998074 [debug] [MainThread]: Sending event: {'category': 'dbt', 'action': 'invocation', 'label': 'end', 'context': [<snowplow_tracker.self_describing_json.SelfDescribingJson object at 0x1136aae90>, <snowplow_tracker.self_describing_json.SelfDescribingJson object at 0x1136ab250>, <snowplow_tracker.self_describing_json.SelfDescribingJson object at 0x10489bdd0>]}
[0m17:29:57.998205 [debug] [MainThread]: Flushing usage events
[0m17:29:58.286608 [debug] [MainThread]: An error was encountered while trying to flush usage events
[0m17:30:15.970589 [debug] [MainThread]: Sending event: {'category': 'dbt', 'action': 'invocation', 'label': 'start', 'context': [<snowplow_tracker.self_describing_json.SelfDescribingJson object at 0x112ca1c50>, <snowplow_tracker.self_describing_json.SelfDescribingJson object at 0x112c8fed0>, <snowplow_tracker.self_describing_json.SelfDescribingJson object at 0x112d0ff10>]}


============================== 17:30:15.973595 | 756acd5d-52ef-4eab-93ea-db8f4d009103 ==============================
[0m17:30:15.973595 [info ] [MainThread]: Running with dbt=1.10.15
[0m17:30:15.973918 [debug] [MainThread]: running dbt with arguments {'profiles_dir': '.', 'quiet': 'False', 'cache_selected_only': 'False', 'warn_error_options': 'WarnErrorOptionsV2(error=[], warn=[], silence=[])', 'send_anonymous_usage_stats': 'True', 'fail_fast': 'False', 'log_format': 'default', 'use_experimental_parser': 'False', 'warn_error': 'None', 'use_colors': 'True', 'partial_parse': 'True', 'log_cache_events': 'False', 'static_parser': 'True', 'write_json': 'True', 'indirect_selection': 'eager', 'version_check': 'True', 'introspect': 'True', 'log_path': '/Users/robertford/Repos/synthetic-healthlake/dbt/fhir_omop_dbt/logs', 'printer_width': '80', 'no_print': 'None', 'target_path': 'None', 'debug': 'False', 'empty': 'False', 'invocation_command': 'dbt compile --profiles-dir .'}
[0m17:30:16.106036 [debug] [MainThread]: Sending event: {'category': 'dbt', 'action': 'project_id', 'label': '756acd5d-52ef-4eab-93ea-db8f4d009103', 'context': [<snowplow_tracker.self_describing_json.SelfDescribingJson object at 0x112367410>]}
[0m17:30:16.124076 [debug] [MainThread]: Sending event: {'category': 'dbt', 'action': 'adapter_info', 'label': '756acd5d-52ef-4eab-93ea-db8f4d009103', 'context': [<snowplow_tracker.self_describing_json.SelfDescribingJson object at 0x113192cd0>]}
[0m17:30:16.125229 [info ] [MainThread]: Registered adapter: duckdb=1.10.0
[0m17:30:16.166068 [debug] [MainThread]: checksum: 14a228079bd6df63ba81633f9a3cf44ecfaa31056ac397c602753ec895dbf885, vars: {}, profile: , target: , version: 1.10.15
[0m17:30:16.166474 [info ] [MainThread]: Unable to do partial parsing because saved manifest not found. Starting full parse.
[0m17:30:16.166649 [debug] [MainThread]: Sending event: {'category': 'dbt', 'action': 'partial_parser', 'label': '756acd5d-52ef-4eab-93ea-db8f4d009103', 'context': [<snowplow_tracker.self_describing_json.SelfDescribingJson object at 0x112d42810>]}
[0m17:30:16.669237 [warn ] [MainThread]: [[33mWARNING[0m]: Time spines without YAML configuration are in the process of
deprecation. Please add YAML configuration for your 'metricflow_time_spine'
model. See documentation on MetricFlow time spines:
https://docs.getdbt.com/docs/build/metricflow-time-spine and behavior change
documentation:
https://docs.getdbt.com/reference/global-configs/behavior-changes.
[0m17:30:16.669534 [debug] [MainThread]: Sending event: {'category': 'dbt', 'action': 'deprecation', 'label': '756acd5d-52ef-4eab-93ea-db8f4d009103', 'property_': 'warn', 'context': [<snowplow_tracker.self_describing_json.SelfDescribingJson object at 0x11497f6d0>]}
[0m17:30:16.697545 [debug] [MainThread]: Sending event: {'category': 'dbt', 'action': 'load_project', 'label': '756acd5d-52ef-4eab-93ea-db8f4d009103', 'context': [<snowplow_tracker.self_describing_json.SelfDescribingJson object at 0x114aaad10>]}
[0m17:30:16.736466 [debug] [MainThread]: Wrote artifact WritableManifest to /Users/robertford/Repos/synthetic-healthlake/dbt/fhir_omop_dbt/target/manifest.json
[0m17:30:16.737676 [debug] [MainThread]: Wrote artifact SemanticManifest to /Users/robertford/Repos/synthetic-healthlake/dbt/fhir_omop_dbt/target/semantic_manifest.json
[0m17:30:16.764732 [debug] [MainThread]: Sending event: {'category': 'dbt', 'action': 'resource_counts', 'label': '756acd5d-52ef-4eab-93ea-db8f4d009103', 'context': [<snowplow_tracker.self_describing_json.SelfDescribingJson object at 0x11492dc10>]}
[0m17:30:16.765015 [info ] [MainThread]: Found 5 models, 1 seed, 7 data tests, 6 sources, 3 metrics, 469 macros, 2 semantic models
[0m17:30:16.765167 [debug] [MainThread]: Sending event: {'category': 'dbt', 'action': 'runnable_timing', 'label': '756acd5d-52ef-4eab-93ea-db8f4d009103', 'context': [<snowplow_tracker.self_describing_json.SelfDescribingJson object at 0x11364a3d0>]}
[0m17:30:16.766056 [info ] [MainThread]: 
[0m17:30:16.766202 [info ] [MainThread]: Concurrency: 1 threads (target='dev')
[0m17:30:16.766311 [info ] [MainThread]: 
[0m17:30:16.766503 [debug] [MainThread]: Acquiring new duckdb connection 'master'
[0m17:30:16.768234 [debug] [ThreadPool]: Acquiring new duckdb connection 'list_synthetic_healthlake_main'
[0m17:30:16.851656 [debug] [ThreadPool]: Using duckdb connection "list_synthetic_healthlake_main"
[0m17:30:16.851861 [debug] [ThreadPool]: On list_synthetic_healthlake_main: BEGIN
[0m17:30:16.851974 [debug] [ThreadPool]: Opening a new connection, currently in state init
[0m17:30:16.859358 [debug] [ThreadPool]: SQL status: OK in 0.007 seconds
[0m17:30:16.859575 [debug] [ThreadPool]: Using duckdb connection "list_synthetic_healthlake_main"
[0m17:30:16.859708 [debug] [ThreadPool]: On list_synthetic_healthlake_main: /* {"app": "dbt", "dbt_version": "1.10.15", "profile_name": "fhir_omop", "target_name": "dev", "connection_name": "list_synthetic_healthlake_main"} */
select
      'synthetic_healthlake' as database,
      table_name as name,
      table_schema as schema,
      CASE table_type
        WHEN 'BASE TABLE' THEN 'table'
        WHEN 'VIEW' THEN 'view'
        WHEN 'LOCAL TEMPORARY' THEN 'table'
        END as type
    from system.information_schema.tables
    where lower(table_schema) = 'main'
    and lower(table_catalog) = 'synthetic_healthlake'
  
[0m17:30:16.872626 [debug] [ThreadPool]: SQL status: OK in 0.013 seconds
[0m17:30:16.873288 [debug] [ThreadPool]: On list_synthetic_healthlake_main: ROLLBACK
[0m17:30:16.873890 [debug] [ThreadPool]: Failed to rollback 'list_synthetic_healthlake_main'
[0m17:30:16.874010 [debug] [ThreadPool]: On list_synthetic_healthlake_main: Close
[0m17:30:16.874262 [debug] [MainThread]: Sending event: {'category': 'dbt', 'action': 'runnable_timing', 'label': '756acd5d-52ef-4eab-93ea-db8f4d009103', 'context': [<snowplow_tracker.self_describing_json.SelfDescribingJson object at 0x114a6c590>]}
[0m17:30:16.876417 [debug] [Thread-1 (]: Began running node model.fhir_omop_dbt.metricflow_time_spine
[0m17:30:16.876603 [debug] [Thread-1 (]: Re-using an available connection from the pool (formerly list_synthetic_healthlake_main, now model.fhir_omop_dbt.metricflow_time_spine)
[0m17:30:16.876740 [debug] [Thread-1 (]: Began compiling node model.fhir_omop_dbt.metricflow_time_spine
[0m17:30:16.880640 [debug] [Thread-1 (]: Using duckdb connection "model.fhir_omop_dbt.metricflow_time_spine"
[0m17:30:16.880781 [debug] [Thread-1 (]: On model.fhir_omop_dbt.metricflow_time_spine: BEGIN
[0m17:30:16.880891 [debug] [Thread-1 (]: Opening a new connection, currently in state closed
[0m17:30:16.881197 [debug] [Thread-1 (]: SQL status: OK in 0.000 seconds
[0m17:30:16.881365 [debug] [Thread-1 (]: Using duckdb connection "model.fhir_omop_dbt.metricflow_time_spine"
[0m17:30:16.881498 [debug] [Thread-1 (]: On model.fhir_omop_dbt.metricflow_time_spine: /* {"app": "dbt", "dbt_version": "1.10.15", "profile_name": "fhir_omop", "target_name": "dev", "node_id": "model.fhir_omop_dbt.metricflow_time_spine"} */


        select 
        (date_diff('day', cast('2000-01-01' as date)::timestamp, cast('2030-01-01' as date)::timestamp ))
    
[0m17:30:16.882804 [debug] [Thread-1 (]: SQL status: OK in 0.001 seconds
[0m17:30:16.883352 [debug] [Thread-1 (]: Writing injected SQL for node "model.fhir_omop_dbt.metricflow_time_spine"
[0m17:30:16.883745 [debug] [Thread-1 (]: Began executing node model.fhir_omop_dbt.metricflow_time_spine
[0m17:30:16.883887 [debug] [Thread-1 (]: On model.fhir_omop_dbt.metricflow_time_spine: ROLLBACK
[0m17:30:16.884079 [debug] [Thread-1 (]: Failed to rollback 'model.fhir_omop_dbt.metricflow_time_spine'
[0m17:30:16.884199 [debug] [Thread-1 (]: On model.fhir_omop_dbt.metricflow_time_spine: Close
[0m17:30:16.884405 [debug] [Thread-1 (]: Finished running node model.fhir_omop_dbt.metricflow_time_spine
[0m17:30:16.884532 [debug] [Thread-1 (]: Began running node model.fhir_omop_dbt.stg_fhir_patient
[0m17:30:16.884679 [debug] [Thread-1 (]: Re-using an available connection from the pool (formerly model.fhir_omop_dbt.metricflow_time_spine, now model.fhir_omop_dbt.stg_fhir_patient)
[0m17:30:16.884788 [debug] [Thread-1 (]: Began compiling node model.fhir_omop_dbt.stg_fhir_patient
[0m17:30:16.885853 [debug] [Thread-1 (]: Writing injected SQL for node "model.fhir_omop_dbt.stg_fhir_patient"
[0m17:30:16.886116 [debug] [Thread-1 (]: Began executing node model.fhir_omop_dbt.stg_fhir_patient
[0m17:30:16.886305 [debug] [Thread-1 (]: Finished running node model.fhir_omop_dbt.stg_fhir_patient
[0m17:30:16.886420 [debug] [Thread-1 (]: Began running node model.fhir_omop_dbt.stg_person
[0m17:30:16.886572 [debug] [Thread-1 (]: Re-using an available connection from the pool (formerly model.fhir_omop_dbt.stg_fhir_patient, now model.fhir_omop_dbt.stg_person)
[0m17:30:16.886741 [debug] [Thread-1 (]: Began compiling node model.fhir_omop_dbt.stg_person
[0m17:30:16.887670 [debug] [Thread-1 (]: Writing injected SQL for node "model.fhir_omop_dbt.stg_person"
[0m17:30:16.887858 [debug] [Thread-1 (]: Began executing node model.fhir_omop_dbt.stg_person
[0m17:30:16.888039 [debug] [Thread-1 (]: Finished running node model.fhir_omop_dbt.stg_person
[0m17:30:16.888155 [debug] [Thread-1 (]: Began running node seed.fhir_omop_dbt.chronic_condition_concepts
[0m17:30:16.888343 [debug] [Thread-1 (]: Re-using an available connection from the pool (formerly model.fhir_omop_dbt.stg_person, now seed.fhir_omop_dbt.chronic_condition_concepts)
[0m17:30:16.888473 [debug] [Thread-1 (]: Began compiling node seed.fhir_omop_dbt.chronic_condition_concepts
[0m17:30:16.889123 [debug] [Thread-1 (]: Began executing node seed.fhir_omop_dbt.chronic_condition_concepts
[0m17:30:16.889322 [debug] [Thread-1 (]: Finished running node seed.fhir_omop_dbt.chronic_condition_concepts
[0m17:30:16.889443 [debug] [Thread-1 (]: Began running node test.fhir_omop_dbt.not_null_stg_fhir_patient_patient_id.554e2d3d77
[0m17:30:16.889569 [debug] [Thread-1 (]: Re-using an available connection from the pool (formerly seed.fhir_omop_dbt.chronic_condition_concepts, now test.fhir_omop_dbt.not_null_stg_fhir_patient_patient_id.554e2d3d77)
[0m17:30:16.889684 [debug] [Thread-1 (]: Began compiling node test.fhir_omop_dbt.not_null_stg_fhir_patient_patient_id.554e2d3d77
[0m17:30:16.893476 [debug] [Thread-1 (]: Writing injected SQL for node "test.fhir_omop_dbt.not_null_stg_fhir_patient_patient_id.554e2d3d77"
[0m17:30:16.893726 [debug] [Thread-1 (]: Began executing node test.fhir_omop_dbt.not_null_stg_fhir_patient_patient_id.554e2d3d77
[0m17:30:16.893913 [debug] [Thread-1 (]: Finished running node test.fhir_omop_dbt.not_null_stg_fhir_patient_patient_id.554e2d3d77
[0m17:30:16.894035 [debug] [Thread-1 (]: Began running node model.fhir_omop_dbt.dim_patient
[0m17:30:16.894183 [debug] [Thread-1 (]: Re-using an available connection from the pool (formerly test.fhir_omop_dbt.not_null_stg_fhir_patient_patient_id.554e2d3d77, now model.fhir_omop_dbt.dim_patient)
[0m17:30:16.894310 [debug] [Thread-1 (]: Began compiling node model.fhir_omop_dbt.dim_patient
[0m17:30:16.895483 [debug] [Thread-1 (]: Writing injected SQL for node "model.fhir_omop_dbt.dim_patient"
[0m17:30:16.895681 [debug] [Thread-1 (]: Began executing node model.fhir_omop_dbt.dim_patient
[0m17:30:16.895862 [debug] [Thread-1 (]: Finished running node model.fhir_omop_dbt.dim_patient
[0m17:30:16.895980 [debug] [Thread-1 (]: Began running node test.fhir_omop_dbt.not_null_stg_person_person_id.1da8305709
[0m17:30:16.896144 [debug] [Thread-1 (]: Re-using an available connection from the pool (formerly model.fhir_omop_dbt.dim_patient, now test.fhir_omop_dbt.not_null_stg_person_person_id.1da8305709)
[0m17:30:16.896272 [debug] [Thread-1 (]: Began compiling node test.fhir_omop_dbt.not_null_stg_person_person_id.1da8305709
[0m17:30:16.897369 [debug] [Thread-1 (]: Writing injected SQL for node "test.fhir_omop_dbt.not_null_stg_person_person_id.1da8305709"
[0m17:30:16.897613 [debug] [Thread-1 (]: Began executing node test.fhir_omop_dbt.not_null_stg_person_person_id.1da8305709
[0m17:30:16.897826 [debug] [Thread-1 (]: Finished running node test.fhir_omop_dbt.not_null_stg_person_person_id.1da8305709
[0m17:30:16.897990 [debug] [Thread-1 (]: Began running node test.fhir_omop_dbt.unique_stg_person_person_id.ad102e18ad
[0m17:30:16.898145 [debug] [Thread-1 (]: Re-using an available connection from the pool (formerly test.fhir_omop_dbt.not_null_stg_person_person_id.1da8305709, now test.fhir_omop_dbt.unique_stg_person_person_id.ad102e18ad)
[0m17:30:16.898274 [debug] [Thread-1 (]: Began compiling node test.fhir_omop_dbt.unique_stg_person_person_id.ad102e18ad
[0m17:30:16.900261 [debug] [Thread-1 (]: Writing injected SQL for node "test.fhir_omop_dbt.unique_stg_person_person_id.ad102e18ad"
[0m17:30:16.900540 [debug] [Thread-1 (]: Began executing node test.fhir_omop_dbt.unique_stg_person_person_id.ad102e18ad
[0m17:30:16.900758 [debug] [Thread-1 (]: Finished running node test.fhir_omop_dbt.unique_stg_person_person_id.ad102e18ad
[0m17:30:16.900896 [debug] [Thread-1 (]: Began running node model.fhir_omop_dbt.fact_chronic_condition
[0m17:30:16.901045 [debug] [Thread-1 (]: Re-using an available connection from the pool (formerly test.fhir_omop_dbt.unique_stg_person_person_id.ad102e18ad, now model.fhir_omop_dbt.fact_chronic_condition)
[0m17:30:16.901172 [debug] [Thread-1 (]: Began compiling node model.fhir_omop_dbt.fact_chronic_condition
[0m17:30:16.902555 [debug] [Thread-1 (]: Writing injected SQL for node "model.fhir_omop_dbt.fact_chronic_condition"
[0m17:30:16.902758 [debug] [Thread-1 (]: Began executing node model.fhir_omop_dbt.fact_chronic_condition
[0m17:30:16.902940 [debug] [Thread-1 (]: Finished running node model.fhir_omop_dbt.fact_chronic_condition
[0m17:30:16.903071 [debug] [Thread-1 (]: Began running node test.fhir_omop_dbt.not_null_dim_patient_person_id.fbbed341b8
[0m17:30:16.903221 [debug] [Thread-1 (]: Re-using an available connection from the pool (formerly model.fhir_omop_dbt.fact_chronic_condition, now test.fhir_omop_dbt.not_null_dim_patient_person_id.fbbed341b8)
[0m17:30:16.903355 [debug] [Thread-1 (]: Began compiling node test.fhir_omop_dbt.not_null_dim_patient_person_id.fbbed341b8
[0m17:30:16.904525 [debug] [Thread-1 (]: Writing injected SQL for node "test.fhir_omop_dbt.not_null_dim_patient_person_id.fbbed341b8"
[0m17:30:16.904753 [debug] [Thread-1 (]: Began executing node test.fhir_omop_dbt.not_null_dim_patient_person_id.fbbed341b8
[0m17:30:16.904929 [debug] [Thread-1 (]: Finished running node test.fhir_omop_dbt.not_null_dim_patient_person_id.fbbed341b8
[0m17:30:16.905050 [debug] [Thread-1 (]: Began running node test.fhir_omop_dbt.unique_dim_patient_person_id.eb0b0447e4
[0m17:30:16.905185 [debug] [Thread-1 (]: Re-using an available connection from the pool (formerly test.fhir_omop_dbt.not_null_dim_patient_person_id.fbbed341b8, now test.fhir_omop_dbt.unique_dim_patient_person_id.eb0b0447e4)
[0m17:30:16.905295 [debug] [Thread-1 (]: Began compiling node test.fhir_omop_dbt.unique_dim_patient_person_id.eb0b0447e4
[0m17:30:16.906310 [debug] [Thread-1 (]: Writing injected SQL for node "test.fhir_omop_dbt.unique_dim_patient_person_id.eb0b0447e4"
[0m17:30:16.906515 [debug] [Thread-1 (]: Began executing node test.fhir_omop_dbt.unique_dim_patient_person_id.eb0b0447e4
[0m17:30:16.906709 [debug] [Thread-1 (]: Finished running node test.fhir_omop_dbt.unique_dim_patient_person_id.eb0b0447e4
[0m17:30:16.906840 [debug] [Thread-1 (]: Began running node test.fhir_omop_dbt.not_null_fact_chronic_condition_chronic_condition_code.3d3de04c5a
[0m17:30:16.906974 [debug] [Thread-1 (]: Re-using an available connection from the pool (formerly test.fhir_omop_dbt.unique_dim_patient_person_id.eb0b0447e4, now test.fhir_omop_dbt.not_null_fact_chronic_condition_chronic_condition_code.3d3de04c5a)
[0m17:30:16.907101 [debug] [Thread-1 (]: Began compiling node test.fhir_omop_dbt.not_null_fact_chronic_condition_chronic_condition_code.3d3de04c5a
[0m17:30:16.908193 [debug] [Thread-1 (]: Writing injected SQL for node "test.fhir_omop_dbt.not_null_fact_chronic_condition_chronic_condition_code.3d3de04c5a"
[0m17:30:16.908412 [debug] [Thread-1 (]: Began executing node test.fhir_omop_dbt.not_null_fact_chronic_condition_chronic_condition_code.3d3de04c5a
[0m17:30:16.908588 [debug] [Thread-1 (]: Finished running node test.fhir_omop_dbt.not_null_fact_chronic_condition_chronic_condition_code.3d3de04c5a
[0m17:30:16.908711 [debug] [Thread-1 (]: Began running node test.fhir_omop_dbt.not_null_fact_chronic_condition_person_id.3d3161e2cb
[0m17:30:16.908846 [debug] [Thread-1 (]: Re-using an available connection from the pool (formerly test.fhir_omop_dbt.not_null_fact_chronic_condition_chronic_condition_code.3d3de04c5a, now test.fhir_omop_dbt.not_null_fact_chronic_condition_person_id.3d3161e2cb)
[0m17:30:16.908959 [debug] [Thread-1 (]: Began compiling node test.fhir_omop_dbt.not_null_fact_chronic_condition_person_id.3d3161e2cb
[0m17:30:16.910054 [debug] [Thread-1 (]: Writing injected SQL for node "test.fhir_omop_dbt.not_null_fact_chronic_condition_person_id.3d3161e2cb"
[0m17:30:16.910290 [debug] [Thread-1 (]: Began executing node test.fhir_omop_dbt.not_null_fact_chronic_condition_person_id.3d3161e2cb
[0m17:30:16.910489 [debug] [Thread-1 (]: Finished running node test.fhir_omop_dbt.not_null_fact_chronic_condition_person_id.3d3161e2cb
[0m17:30:16.910899 [debug] [MainThread]: Connection 'master' was properly closed.
[0m17:30:16.912659 [debug] [MainThread]: Connection 'test.fhir_omop_dbt.not_null_fact_chronic_condition_person_id.3d3161e2cb' was properly closed.
[0m17:30:16.913309 [debug] [MainThread]: Command end result
[0m17:30:16.922436 [debug] [MainThread]: Wrote artifact WritableManifest to /Users/robertford/Repos/synthetic-healthlake/dbt/fhir_omop_dbt/target/manifest.json
[0m17:30:16.923599 [debug] [MainThread]: Wrote artifact SemanticManifest to /Users/robertford/Repos/synthetic-healthlake/dbt/fhir_omop_dbt/target/semantic_manifest.json
[0m17:30:16.925967 [debug] [MainThread]: Wrote artifact RunExecutionResult to /Users/robertford/Repos/synthetic-healthlake/dbt/fhir_omop_dbt/target/run_results.json
[0m17:30:16.926175 [warn ] [MainThread]: [[33mWARNING[0m][DeprecationsSummary]: Deprecated functionality
Summary of encountered deprecations:
- MFTimespineWithoutYamlConfigurationDeprecation: 1 occurrence
To see all deprecation instances instead of just the first occurrence of each,
run command again with the `--show-all-deprecations` flag. You may also need to
run with `--no-partial-parse` as some deprecations are only encountered during
parsing.
[0m17:30:16.926439 [debug] [MainThread]: Resource report: {"command_name": "compile", "command_success": true, "command_wall_clock_time": 0.98872435, "process_in_blocks": "0", "process_kernel_time": 0.160959, "process_mem_max_rss": "158220288", "process_out_blocks": "0", "process_user_time": 1.226305}
[0m17:30:16.926615 [debug] [MainThread]: Command `dbt compile` succeeded at 17:30:16.926584 after 0.99 seconds
[0m17:30:16.926760 [debug] [MainThread]: Sending event: {'category': 'dbt', 'action': 'invocation', 'label': 'end', 'context': [<snowplow_tracker.self_describing_json.SelfDescribingJson object at 0x112d2ff90>, <snowplow_tracker.self_describing_json.SelfDescribingJson object at 0x112cf8890>, <snowplow_tracker.self_describing_json.SelfDescribingJson object at 0x102996a50>]}
[0m17:30:16.926894 [debug] [MainThread]: Flushing usage events
[0m17:30:17.221649 [debug] [MainThread]: An error was encountered while trying to flush usage events
[0m17:34:33.428482 [debug] [MainThread]: Sending event: {'category': 'dbt', 'action': 'invocation', 'label': 'start', 'context': [<snowplow_tracker.self_describing_json.SelfDescribingJson object at 0x105715fd0>, <snowplow_tracker.self_describing_json.SelfDescribingJson object at 0x105767710>, <snowplow_tracker.self_describing_json.SelfDescribingJson object at 0x105767f90>]}


============================== 17:34:33.430763 | 9b526579-35fa-4cad-9b04-9e6f935e38c5 ==============================
[0m17:34:33.430763 [info ] [MainThread]: Running with dbt=1.10.15
[0m17:34:33.431080 [debug] [MainThread]: running dbt with arguments {'printer_width': '80', 'warn_error_options': 'WarnErrorOptionsV2(error=[], warn=[], silence=[])', 'invocation_command': 'dbt compile --profiles-dir .', 'debug': 'False', 'profiles_dir': '.', 'log_cache_events': 'False', 'cache_selected_only': 'False', 'introspect': 'True', 'log_format': 'default', 'warn_error': 'None', 'static_parser': 'True', 'no_print': 'None', 'write_json': 'True', 'target_path': 'None', 'quiet': 'False', 'empty': 'False', 'use_experimental_parser': 'False', 'send_anonymous_usage_stats': 'True', 'indirect_selection': 'eager', 'partial_parse': 'True', 'fail_fast': 'False', 'use_colors': 'True', 'version_check': 'True', 'log_path': '/Users/robertford/Repos/synthetic-healthlake/dbt/fhir_omop_dbt/logs'}
[0m17:34:33.544527 [debug] [MainThread]: Sending event: {'category': 'dbt', 'action': 'project_id', 'label': '9b526579-35fa-4cad-9b04-9e6f935e38c5', 'context': [<snowplow_tracker.self_describing_json.SelfDescribingJson object at 0x1057abf10>]}
[0m17:34:33.561630 [debug] [MainThread]: Sending event: {'category': 'dbt', 'action': 'adapter_info', 'label': '9b526579-35fa-4cad-9b04-9e6f935e38c5', 'context': [<snowplow_tracker.self_describing_json.SelfDescribingJson object at 0x101cc8090>]}
[0m17:34:33.562734 [info ] [MainThread]: Registered adapter: duckdb=1.10.0
[0m17:34:33.601922 [debug] [MainThread]: checksum: 14a228079bd6df63ba81633f9a3cf44ecfaa31056ac397c602753ec895dbf885, vars: {}, profile: , target: , version: 1.10.15
[0m17:34:33.659150 [debug] [MainThread]: Partial parsing enabled: 0 files deleted, 0 files added, 0 files changed.
[0m17:34:33.659356 [debug] [MainThread]: Partial parsing enabled, no changes found, skipping parsing
[0m17:34:33.682082 [debug] [MainThread]: Sending event: {'category': 'dbt', 'action': 'load_project', 'label': '9b526579-35fa-4cad-9b04-9e6f935e38c5', 'context': [<snowplow_tracker.self_describing_json.SelfDescribingJson object at 0x105d9b9d0>]}
[0m17:34:33.725148 [debug] [MainThread]: Wrote artifact WritableManifest to /Users/robertford/Repos/synthetic-healthlake/dbt/fhir_omop_dbt/target/manifest.json
[0m17:34:33.726675 [debug] [MainThread]: Wrote artifact SemanticManifest to /Users/robertford/Repos/synthetic-healthlake/dbt/fhir_omop_dbt/target/semantic_manifest.json
[0m17:34:33.736002 [debug] [MainThread]: Sending event: {'category': 'dbt', 'action': 'resource_counts', 'label': '9b526579-35fa-4cad-9b04-9e6f935e38c5', 'context': [<snowplow_tracker.self_describing_json.SelfDescribingJson object at 0x105b33e90>]}
[0m17:34:33.736214 [info ] [MainThread]: Found 5 models, 1 seed, 7 data tests, 6 sources, 3 metrics, 469 macros, 2 semantic models
[0m17:34:33.736353 [debug] [MainThread]: Sending event: {'category': 'dbt', 'action': 'runnable_timing', 'label': '9b526579-35fa-4cad-9b04-9e6f935e38c5', 'context': [<snowplow_tracker.self_describing_json.SelfDescribingJson object at 0x105d43790>]}
[0m17:34:33.737254 [info ] [MainThread]: 
[0m17:34:33.737399 [info ] [MainThread]: Concurrency: 1 threads (target='dev')
[0m17:34:33.737512 [info ] [MainThread]: 
[0m17:34:33.737716 [debug] [MainThread]: Acquiring new duckdb connection 'master'
[0m17:34:33.739333 [debug] [ThreadPool]: Acquiring new duckdb connection 'list_synthetic_healthlake_main'
[0m17:34:33.783084 [debug] [ThreadPool]: Using duckdb connection "list_synthetic_healthlake_main"
[0m17:34:33.783289 [debug] [ThreadPool]: On list_synthetic_healthlake_main: BEGIN
[0m17:34:33.783408 [debug] [ThreadPool]: Opening a new connection, currently in state init
[0m17:34:33.789618 [debug] [ThreadPool]: SQL status: OK in 0.006 seconds
[0m17:34:33.789790 [debug] [ThreadPool]: Using duckdb connection "list_synthetic_healthlake_main"
[0m17:34:33.789928 [debug] [ThreadPool]: On list_synthetic_healthlake_main: /* {"app": "dbt", "dbt_version": "1.10.15", "profile_name": "fhir_omop", "target_name": "dev", "connection_name": "list_synthetic_healthlake_main"} */
select
      'synthetic_healthlake' as database,
      table_name as name,
      table_schema as schema,
      CASE table_type
        WHEN 'BASE TABLE' THEN 'table'
        WHEN 'VIEW' THEN 'view'
        WHEN 'LOCAL TEMPORARY' THEN 'table'
        END as type
    from system.information_schema.tables
    where lower(table_schema) = 'main'
    and lower(table_catalog) = 'synthetic_healthlake'
  
[0m17:34:33.800920 [debug] [ThreadPool]: SQL status: OK in 0.011 seconds
[0m17:34:33.801439 [debug] [ThreadPool]: On list_synthetic_healthlake_main: ROLLBACK
[0m17:34:33.801995 [debug] [ThreadPool]: Failed to rollback 'list_synthetic_healthlake_main'
[0m17:34:33.802099 [debug] [ThreadPool]: On list_synthetic_healthlake_main: Close
[0m17:34:33.802348 [debug] [MainThread]: Sending event: {'category': 'dbt', 'action': 'runnable_timing', 'label': '9b526579-35fa-4cad-9b04-9e6f935e38c5', 'context': [<snowplow_tracker.self_describing_json.SelfDescribingJson object at 0x1057a8f50>]}
[0m17:34:33.803427 [debug] [Thread-1 (]: Began running node model.fhir_omop_dbt.metricflow_time_spine
[0m17:34:33.803578 [debug] [Thread-1 (]: Re-using an available connection from the pool (formerly list_synthetic_healthlake_main, now model.fhir_omop_dbt.metricflow_time_spine)
[0m17:34:33.803698 [debug] [Thread-1 (]: Began compiling node model.fhir_omop_dbt.metricflow_time_spine
[0m17:34:33.810174 [debug] [Thread-1 (]: Using duckdb connection "model.fhir_omop_dbt.metricflow_time_spine"
[0m17:34:33.810328 [debug] [Thread-1 (]: On model.fhir_omop_dbt.metricflow_time_spine: BEGIN
[0m17:34:33.810459 [debug] [Thread-1 (]: Opening a new connection, currently in state closed
[0m17:34:33.810717 [debug] [Thread-1 (]: SQL status: OK in 0.000 seconds
[0m17:34:33.810851 [debug] [Thread-1 (]: Using duckdb connection "model.fhir_omop_dbt.metricflow_time_spine"
[0m17:34:33.810978 [debug] [Thread-1 (]: On model.fhir_omop_dbt.metricflow_time_spine: /* {"app": "dbt", "dbt_version": "1.10.15", "profile_name": "fhir_omop", "target_name": "dev", "node_id": "model.fhir_omop_dbt.metricflow_time_spine"} */


        select 
        (date_diff('day', cast('2000-01-01' as date)::timestamp, cast('2030-01-01' as date)::timestamp ))
    
[0m17:34:33.812129 [debug] [Thread-1 (]: SQL status: OK in 0.001 seconds
[0m17:34:33.814231 [debug] [Thread-1 (]: Writing injected SQL for node "model.fhir_omop_dbt.metricflow_time_spine"
[0m17:34:33.814501 [debug] [Thread-1 (]: Began executing node model.fhir_omop_dbt.metricflow_time_spine
[0m17:34:33.814632 [debug] [Thread-1 (]: On model.fhir_omop_dbt.metricflow_time_spine: ROLLBACK
[0m17:34:33.814803 [debug] [Thread-1 (]: Failed to rollback 'model.fhir_omop_dbt.metricflow_time_spine'
[0m17:34:33.814915 [debug] [Thread-1 (]: On model.fhir_omop_dbt.metricflow_time_spine: Close
[0m17:34:33.815119 [debug] [Thread-1 (]: Finished running node model.fhir_omop_dbt.metricflow_time_spine
[0m17:34:33.815248 [debug] [Thread-1 (]: Began running node model.fhir_omop_dbt.stg_fhir_patient
[0m17:34:33.815403 [debug] [Thread-1 (]: Re-using an available connection from the pool (formerly model.fhir_omop_dbt.metricflow_time_spine, now model.fhir_omop_dbt.stg_fhir_patient)
[0m17:34:33.815515 [debug] [Thread-1 (]: Began compiling node model.fhir_omop_dbt.stg_fhir_patient
[0m17:34:33.816450 [debug] [Thread-1 (]: Writing injected SQL for node "model.fhir_omop_dbt.stg_fhir_patient"
[0m17:34:33.816656 [debug] [Thread-1 (]: Began executing node model.fhir_omop_dbt.stg_fhir_patient
[0m17:34:33.816848 [debug] [Thread-1 (]: Finished running node model.fhir_omop_dbt.stg_fhir_patient
[0m17:34:33.816980 [debug] [Thread-1 (]: Began running node model.fhir_omop_dbt.stg_person
[0m17:34:33.817121 [debug] [Thread-1 (]: Re-using an available connection from the pool (formerly model.fhir_omop_dbt.stg_fhir_patient, now model.fhir_omop_dbt.stg_person)
[0m17:34:33.817265 [debug] [Thread-1 (]: Began compiling node model.fhir_omop_dbt.stg_person
[0m17:34:33.818188 [debug] [Thread-1 (]: Writing injected SQL for node "model.fhir_omop_dbt.stg_person"
[0m17:34:33.818402 [debug] [Thread-1 (]: Began executing node model.fhir_omop_dbt.stg_person
[0m17:34:33.818630 [debug] [Thread-1 (]: Finished running node model.fhir_omop_dbt.stg_person
[0m17:34:33.818775 [debug] [Thread-1 (]: Began running node seed.fhir_omop_dbt.chronic_condition_concepts
[0m17:34:33.818924 [debug] [Thread-1 (]: Re-using an available connection from the pool (formerly model.fhir_omop_dbt.stg_person, now seed.fhir_omop_dbt.chronic_condition_concepts)
[0m17:34:33.819071 [debug] [Thread-1 (]: Began compiling node seed.fhir_omop_dbt.chronic_condition_concepts
[0m17:34:33.819678 [debug] [Thread-1 (]: Began executing node seed.fhir_omop_dbt.chronic_condition_concepts
[0m17:34:33.819868 [debug] [Thread-1 (]: Finished running node seed.fhir_omop_dbt.chronic_condition_concepts
[0m17:34:33.819994 [debug] [Thread-1 (]: Began running node test.fhir_omop_dbt.not_null_stg_fhir_patient_patient_id.554e2d3d77
[0m17:34:33.820128 [debug] [Thread-1 (]: Re-using an available connection from the pool (formerly seed.fhir_omop_dbt.chronic_condition_concepts, now test.fhir_omop_dbt.not_null_stg_fhir_patient_patient_id.554e2d3d77)
[0m17:34:33.820241 [debug] [Thread-1 (]: Began compiling node test.fhir_omop_dbt.not_null_stg_fhir_patient_patient_id.554e2d3d77
[0m17:34:33.823646 [debug] [Thread-1 (]: Writing injected SQL for node "test.fhir_omop_dbt.not_null_stg_fhir_patient_patient_id.554e2d3d77"
[0m17:34:33.823895 [debug] [Thread-1 (]: Began executing node test.fhir_omop_dbt.not_null_stg_fhir_patient_patient_id.554e2d3d77
[0m17:34:33.824113 [debug] [Thread-1 (]: Finished running node test.fhir_omop_dbt.not_null_stg_fhir_patient_patient_id.554e2d3d77
[0m17:34:33.824253 [debug] [Thread-1 (]: Began running node model.fhir_omop_dbt.dim_patient
[0m17:34:33.824403 [debug] [Thread-1 (]: Re-using an available connection from the pool (formerly test.fhir_omop_dbt.not_null_stg_fhir_patient_patient_id.554e2d3d77, now model.fhir_omop_dbt.dim_patient)
[0m17:34:33.824536 [debug] [Thread-1 (]: Began compiling node model.fhir_omop_dbt.dim_patient
[0m17:34:33.826819 [debug] [Thread-1 (]: Writing injected SQL for node "model.fhir_omop_dbt.dim_patient"
[0m17:34:33.827088 [debug] [Thread-1 (]: Began executing node model.fhir_omop_dbt.dim_patient
[0m17:34:33.827308 [debug] [Thread-1 (]: Finished running node model.fhir_omop_dbt.dim_patient
[0m17:34:33.827445 [debug] [Thread-1 (]: Began running node test.fhir_omop_dbt.not_null_stg_person_person_id.1da8305709
[0m17:34:33.827598 [debug] [Thread-1 (]: Re-using an available connection from the pool (formerly model.fhir_omop_dbt.dim_patient, now test.fhir_omop_dbt.not_null_stg_person_person_id.1da8305709)
[0m17:34:33.827766 [debug] [Thread-1 (]: Began compiling node test.fhir_omop_dbt.not_null_stg_person_person_id.1da8305709
[0m17:34:33.828888 [debug] [Thread-1 (]: Writing injected SQL for node "test.fhir_omop_dbt.not_null_stg_person_person_id.1da8305709"
[0m17:34:33.829091 [debug] [Thread-1 (]: Began executing node test.fhir_omop_dbt.not_null_stg_person_person_id.1da8305709
[0m17:34:33.829276 [debug] [Thread-1 (]: Finished running node test.fhir_omop_dbt.not_null_stg_person_person_id.1da8305709
[0m17:34:33.829405 [debug] [Thread-1 (]: Began running node test.fhir_omop_dbt.unique_stg_person_person_id.ad102e18ad
[0m17:34:33.829542 [debug] [Thread-1 (]: Re-using an available connection from the pool (formerly test.fhir_omop_dbt.not_null_stg_person_person_id.1da8305709, now test.fhir_omop_dbt.unique_stg_person_person_id.ad102e18ad)
[0m17:34:33.829652 [debug] [Thread-1 (]: Began compiling node test.fhir_omop_dbt.unique_stg_person_person_id.ad102e18ad
[0m17:34:33.831284 [debug] [Thread-1 (]: Writing injected SQL for node "test.fhir_omop_dbt.unique_stg_person_person_id.ad102e18ad"
[0m17:34:33.831473 [debug] [Thread-1 (]: Began executing node test.fhir_omop_dbt.unique_stg_person_person_id.ad102e18ad
[0m17:34:33.831659 [debug] [Thread-1 (]: Finished running node test.fhir_omop_dbt.unique_stg_person_person_id.ad102e18ad
[0m17:34:33.831790 [debug] [Thread-1 (]: Began running node model.fhir_omop_dbt.fact_chronic_condition
[0m17:34:33.831932 [debug] [Thread-1 (]: Re-using an available connection from the pool (formerly test.fhir_omop_dbt.unique_stg_person_person_id.ad102e18ad, now model.fhir_omop_dbt.fact_chronic_condition)
[0m17:34:33.832061 [debug] [Thread-1 (]: Began compiling node model.fhir_omop_dbt.fact_chronic_condition
[0m17:34:33.833453 [debug] [Thread-1 (]: Writing injected SQL for node "model.fhir_omop_dbt.fact_chronic_condition"
[0m17:34:33.833647 [debug] [Thread-1 (]: Began executing node model.fhir_omop_dbt.fact_chronic_condition
[0m17:34:33.833828 [debug] [Thread-1 (]: Finished running node model.fhir_omop_dbt.fact_chronic_condition
[0m17:34:33.833957 [debug] [Thread-1 (]: Began running node test.fhir_omop_dbt.not_null_dim_patient_person_id.fbbed341b8
[0m17:34:33.834111 [debug] [Thread-1 (]: Re-using an available connection from the pool (formerly model.fhir_omop_dbt.fact_chronic_condition, now test.fhir_omop_dbt.not_null_dim_patient_person_id.fbbed341b8)
[0m17:34:33.834298 [debug] [Thread-1 (]: Began compiling node test.fhir_omop_dbt.not_null_dim_patient_person_id.fbbed341b8
[0m17:34:33.835558 [debug] [Thread-1 (]: Writing injected SQL for node "test.fhir_omop_dbt.not_null_dim_patient_person_id.fbbed341b8"
[0m17:34:33.835802 [debug] [Thread-1 (]: Began executing node test.fhir_omop_dbt.not_null_dim_patient_person_id.fbbed341b8
[0m17:34:33.836002 [debug] [Thread-1 (]: Finished running node test.fhir_omop_dbt.not_null_dim_patient_person_id.fbbed341b8
[0m17:34:33.836136 [debug] [Thread-1 (]: Began running node test.fhir_omop_dbt.unique_dim_patient_person_id.eb0b0447e4
[0m17:34:33.836275 [debug] [Thread-1 (]: Re-using an available connection from the pool (formerly test.fhir_omop_dbt.not_null_dim_patient_person_id.fbbed341b8, now test.fhir_omop_dbt.unique_dim_patient_person_id.eb0b0447e4)
[0m17:34:33.836390 [debug] [Thread-1 (]: Began compiling node test.fhir_omop_dbt.unique_dim_patient_person_id.eb0b0447e4
[0m17:34:33.837528 [debug] [Thread-1 (]: Writing injected SQL for node "test.fhir_omop_dbt.unique_dim_patient_person_id.eb0b0447e4"
[0m17:34:33.837727 [debug] [Thread-1 (]: Began executing node test.fhir_omop_dbt.unique_dim_patient_person_id.eb0b0447e4
[0m17:34:33.837906 [debug] [Thread-1 (]: Finished running node test.fhir_omop_dbt.unique_dim_patient_person_id.eb0b0447e4
[0m17:34:33.838034 [debug] [Thread-1 (]: Began running node test.fhir_omop_dbt.not_null_fact_chronic_condition_chronic_condition_code.3d3de04c5a
[0m17:34:33.838169 [debug] [Thread-1 (]: Re-using an available connection from the pool (formerly test.fhir_omop_dbt.unique_dim_patient_person_id.eb0b0447e4, now test.fhir_omop_dbt.not_null_fact_chronic_condition_chronic_condition_code.3d3de04c5a)
[0m17:34:33.838281 [debug] [Thread-1 (]: Began compiling node test.fhir_omop_dbt.not_null_fact_chronic_condition_chronic_condition_code.3d3de04c5a
[0m17:34:33.839406 [debug] [Thread-1 (]: Writing injected SQL for node "test.fhir_omop_dbt.not_null_fact_chronic_condition_chronic_condition_code.3d3de04c5a"
[0m17:34:33.839622 [debug] [Thread-1 (]: Began executing node test.fhir_omop_dbt.not_null_fact_chronic_condition_chronic_condition_code.3d3de04c5a
[0m17:34:33.839827 [debug] [Thread-1 (]: Finished running node test.fhir_omop_dbt.not_null_fact_chronic_condition_chronic_condition_code.3d3de04c5a
[0m17:34:33.839960 [debug] [Thread-1 (]: Began running node test.fhir_omop_dbt.not_null_fact_chronic_condition_person_id.3d3161e2cb
[0m17:34:33.840110 [debug] [Thread-1 (]: Re-using an available connection from the pool (formerly test.fhir_omop_dbt.not_null_fact_chronic_condition_chronic_condition_code.3d3de04c5a, now test.fhir_omop_dbt.not_null_fact_chronic_condition_person_id.3d3161e2cb)
[0m17:34:33.840235 [debug] [Thread-1 (]: Began compiling node test.fhir_omop_dbt.not_null_fact_chronic_condition_person_id.3d3161e2cb
[0m17:34:33.841303 [debug] [Thread-1 (]: Writing injected SQL for node "test.fhir_omop_dbt.not_null_fact_chronic_condition_person_id.3d3161e2cb"
[0m17:34:33.841486 [debug] [Thread-1 (]: Began executing node test.fhir_omop_dbt.not_null_fact_chronic_condition_person_id.3d3161e2cb
[0m17:34:33.841664 [debug] [Thread-1 (]: Finished running node test.fhir_omop_dbt.not_null_fact_chronic_condition_person_id.3d3161e2cb
[0m17:34:33.842033 [debug] [MainThread]: Connection 'master' was properly closed.
[0m17:34:33.842144 [debug] [MainThread]: Connection 'test.fhir_omop_dbt.not_null_fact_chronic_condition_person_id.3d3161e2cb' was properly closed.
[0m17:34:33.842688 [debug] [MainThread]: Command end result
[0m17:34:33.851108 [debug] [MainThread]: Wrote artifact WritableManifest to /Users/robertford/Repos/synthetic-healthlake/dbt/fhir_omop_dbt/target/manifest.json
[0m17:34:33.852168 [debug] [MainThread]: Wrote artifact SemanticManifest to /Users/robertford/Repos/synthetic-healthlake/dbt/fhir_omop_dbt/target/semantic_manifest.json
[0m17:34:33.854415 [debug] [MainThread]: Wrote artifact RunExecutionResult to /Users/robertford/Repos/synthetic-healthlake/dbt/fhir_omop_dbt/target/run_results.json
[0m17:34:33.854689 [debug] [MainThread]: Resource report: {"command_name": "compile", "command_success": true, "command_wall_clock_time": 0.45197266, "process_in_blocks": "0", "process_kernel_time": 0.138878, "process_mem_max_rss": "144015360", "process_out_blocks": "0", "process_user_time": 0.724723}
[0m17:34:33.854853 [debug] [MainThread]: Command `dbt compile` succeeded at 17:34:33.854827 after 0.45 seconds
[0m17:34:33.854988 [debug] [MainThread]: Sending event: {'category': 'dbt', 'action': 'invocation', 'label': 'end', 'context': [<snowplow_tracker.self_describing_json.SelfDescribingJson object at 0x105495ad0>, <snowplow_tracker.self_describing_json.SelfDescribingJson object at 0x1056dfcd0>, <snowplow_tracker.self_describing_json.SelfDescribingJson object at 0x1056dfc50>]}
[0m17:34:33.855123 [debug] [MainThread]: Flushing usage events
[0m17:34:34.163417 [debug] [MainThread]: An error was encountered while trying to flush usage events
